c:\users\aldo\desktop\diego\upc 2017 - 01\gamebomber\demojuegobombermanguevara\demojuegobomberman\debug\vc140.pdb
c:\users\aldo\desktop\diego\upc 2017 - 01\gamebomber\demojuegobombermanguevara\demojuegobomberman\debug\.netframework,version=v4.5.2.assemblyattributes.obj
c:\users\aldo\desktop\diego\upc 2017 - 01\gamebomber\demojuegobombermanguevara\demojuegobomberman\debug\.netframework,version=v4.5.2.assemblyattributes.asm
c:\users\aldo\desktop\diego\upc 2017 - 01\gamebomber\demojuegobombermanguevara\demojuegobomberman\debug\formulario.obj
c:\users\aldo\desktop\diego\upc 2017 - 01\gamebomber\demojuegobombermanguevara\demojuegobomberman\debug\demojuegobomberman.formulario.resources
c:\users\aldo\desktop\diego\upc 2017 - 01\gamebomber\demojuegobombermanguevara\debug\demojuegobomberman.exe
c:\users\aldo\desktop\diego\upc 2017 - 01\gamebomber\demojuegobombermanguevara\debug\demojuegobomberman.pdb
c:\users\aldo\desktop\diego\upc 2017 - 01\gamebomber\demojuegobombermanguevara\demojuegobomberman\debug\demojuegobomberman.res
c:\users\aldo\desktop\diego\upc 2017 - 01\gamebomber\demojuegobombermanguevara\demojuegobomberman\debug\demojuegobomberman.vcxproj.generateresource.cache
c:\users\aldo\desktop\diego\upc 2017 - 01\gamebomber\demojuegobombermanguevara\demojuegobomberman\debug\demojuegobomberman.vcxprojresolveassemblyreference.cache
c:\users\aldo\desktop\diego\upc 2017 - 01\gamebomber\demojuegobombermanguevara\demojuegobomberman\debug\demojueg.8cbda26c.tlog\cl.command.1.tlog
c:\users\aldo\desktop\diego\upc 2017 - 01\gamebomber\demojuegobombermanguevara\demojuegobomberman\debug\demojueg.8cbda26c.tlog\cl.read.1.tlog
c:\users\aldo\desktop\diego\upc 2017 - 01\gamebomber\demojuegobombermanguevara\demojuegobomberman\debug\demojueg.8cbda26c.tlog\cl.write.1.tlog
c:\users\aldo\desktop\diego\upc 2017 - 01\gamebomber\demojuegobombermanguevara\demojuegobomberman\debug\demojueg.8cbda26c.tlog\demojuegobomberman.write.1u.tlog
c:\users\aldo\desktop\diego\upc 2017 - 01\gamebomber\demojuegobombermanguevara\demojuegobomberman\debug\demojueg.8cbda26c.tlog\link.command.1.tlog
c:\users\aldo\desktop\diego\upc 2017 - 01\gamebomber\demojuegobombermanguevara\demojuegobomberman\debug\demojueg.8cbda26c.tlog\link.read.1.tlog
c:\users\aldo\desktop\diego\upc 2017 - 01\gamebomber\demojuegobombermanguevara\demojuegobomberman\debug\demojueg.8cbda26c.tlog\link.write.1.tlog
c:\users\aldo\desktop\diego\upc 2017 - 01\gamebomber\demojuegobombermanguevara\demojuegobomberman\debug\demojueg.8cbda26c.tlog\metagen.read.1.tlog
c:\users\aldo\desktop\diego\upc 2017 - 01\gamebomber\demojuegobombermanguevara\demojuegobomberman\debug\demojueg.8cbda26c.tlog\metagen.write.1.tlog
c:\users\aldo\desktop\diego\upc 2017 - 01\gamebomber\demojuegobombermanguevara\demojuegobomberman\debug\demojueg.8cbda26c.tlog\rc.command.1.tlog
c:\users\aldo\desktop\diego\upc 2017 - 01\gamebomber\demojuegobombermanguevara\demojuegobomberman\debug\demojueg.8cbda26c.tlog\rc.read.1.tlog
c:\users\aldo\desktop\diego\upc 2017 - 01\gamebomber\demojuegobombermanguevara\demojuegobomberman\debug\demojueg.8cbda26c.tlog\rc.write.1.tlog
c:\users\aldo\desktop\diego\upc 2017 - 01\gamebomber\demojuegobombermanguevara\demojuegobomberman\debug\demojueg.8cbda26c.tlog\tzres.dll.bi
